<?xml version="1.0" encoding="UTF-8"?>
<!-- Generated by org.testng.reporters.JUnitXMLReporter -->
<testsuite ignored="0" hostname="LAPTOP-DTH8CHQ1" failures="0" tests="9" name="demo project" time="120.459" errors="0" timestamp="2025-09-29T11:19:49 IST">
  <testcase classname="DemoProject.Sample.LoginTestCases" name="NegativeloginTC1" time="2.49"/>
  <testcase classname="DemoProject.Sample.LoginTestCases" name="NegativeloginTC2" time="2.294"/>
  <testcase classname="DemoProject.Sample.LoginTestCases" name="NegativeloginTC3" time="2.282"/>
  <testcase classname="DemoProject.Sample.LoginTestCases" name="PositiveloginTC" time="5.266"/>
  <testcase classname="DemoProject.Sample.HomePageTestCases" name="VerifyHomePage" time="5.04"/>
  <testcase classname="DemoProject.Sample.HomePageTestCases" name="VerifyPracticePage" time="3.546"/>
  <testcase classname="DemoProject.Sample.HomePageTestCases" name="VerifyCoursesPage" time="26.011"/>
  <testcase classname="DemoProject.Sample.HomePageTestCases" name="VerifyBlogPage" time="8.092"/>
  <testcase classname="DemoProject.Sample.HomePageTestCases" name="VerifyContactPage" time="14.929"/>
</testsuite> <!-- demo project -->
