<?xml version="1.0" encoding="UTF-8"?>
<!-- Generated by org.testng.reporters.JUnitXMLReporter -->
<testsuite ignored="0" hostname="LAPTOP-DTH8CHQ1" failures="0" tests="9" name="Test" time="65.137" errors="0" timestamp="2025-09-28T13:17:11 IST">
  <testcase classname="DemoProject.Sample.LoginTestCases" name="NegativeloginTC1" time="2.56"/>
  <testcase classname="DemoProject.Sample.LoginTestCases" name="NegativeloginTC2" time="2.415"/>
  <testcase classname="DemoProject.Sample.LoginTestCases" name="NegativeloginTC3" time="2.499"/>
  <testcase classname="DemoProject.Sample.LoginTestCases" name="PositiveloginTC" time="5.696"/>
  <testcase classname="DemoProject.Sample.HomePageTestCases" name="VerifyHomePage" time="5.953"/>
  <testcase classname="DemoProject.Sample.HomePageTestCases" name="VerifyPracticePage" time="3.597"/>
  <testcase classname="DemoProject.Sample.HomePageTestCases" name="VerifyCoursesPage" time="4.786"/>
  <testcase classname="DemoProject.Sample.HomePageTestCases" name="VerifyBlogPage" time="6.458"/>
  <testcase classname="DemoProject.Sample.HomePageTestCases" name="VerifyContactPage" time="9.085"/>
</testsuite> <!-- Test -->
